d:\gitrepos\ia_cdi3\2324_ai_steeringbehaviours\sdl_steering_behaviors\sdl_steering_behaviors\sdl_steering_behaviors\debug\vc143.pdb
d:\gitrepos\ia_cdi3\2324_ai_steeringbehaviours\sdl_steering_behaviors\sdl_steering_behaviors\sdl_steering_behaviors\debug\vc143.idb
d:\gitrepos\ia_cdi3\2324_ai_steeringbehaviours\sdl_steering_behaviors\sdl_steering_behaviors\sdl_steering_behaviors\debug\weightedblendingbehavior.obj
d:\gitrepos\ia_cdi3\2324_ai_steeringbehaviours\sdl_steering_behaviors\sdl_steering_behaviors\sdl_steering_behaviors\debug\utils.obj
d:\gitrepos\ia_cdi3\2324_ai_steeringbehaviours\sdl_steering_behaviors\sdl_steering_behaviors\sdl_steering_behaviors\debug\steeringbehavior.obj
d:\gitrepos\ia_cdi3\2324_ai_steeringbehaviours\sdl_steering_behaviors\sdl_steering_behaviors\sdl_steering_behaviors\debug\seekbehavior.obj
d:\gitrepos\ia_cdi3\2324_ai_steeringbehaviours\sdl_steering_behaviors\sdl_steering_behaviors\sdl_steering_behaviors\debug\sdl_simpleapp.obj
d:\gitrepos\ia_cdi3\2324_ai_steeringbehaviours\sdl_steering_behaviors\sdl_steering_behaviors\sdl_steering_behaviors\debug\sceneseek.obj
d:\gitrepos\ia_cdi3\2324_ai_steeringbehaviours\sdl_steering_behaviors\sdl_steering_behaviors\sdl_steering_behaviors\debug\sceneflee.obj
d:\gitrepos\ia_cdi3\2324_ai_steeringbehaviours\sdl_steering_behaviors\sdl_steering_behaviors\sdl_steering_behaviors\debug\priorityblendingbehavior.obj
d:\gitrepos\ia_cdi3\2324_ai_steeringbehaviours\sdl_steering_behaviors\sdl_steering_behaviors\sdl_steering_behaviors\debug\main.obj
d:\gitrepos\ia_cdi3\2324_ai_steeringbehaviours\sdl_steering_behaviors\sdl_steering_behaviors\sdl_steering_behaviors\debug\fleebehavior.obj
d:\gitrepos\ia_cdi3\2324_ai_steeringbehaviours\sdl_steering_behaviors\sdl_steering_behaviors\sdl_steering_behaviors\debug\agent.obj
d:\gitrepos\ia_cdi3\2324_ai_steeringbehaviours\sdl_steering_behaviors\sdl_steering_behaviors\sdl_steering_behaviors\debug\cohesionbehavior.obj
d:\gitrepos\ia_cdi3\2324_ai_steeringbehaviours\sdl_steering_behaviors\sdl_steering_behaviors\sdl_steering_behaviors\debug\separationbehavior.obj
d:\gitrepos\ia_cdi3\2324_ai_steeringbehaviours\sdl_steering_behaviors\sdl_steering_behaviors\sdl_steering_behaviors\debug\allignmentbehavior.obj
d:\gitrepos\ia_cdi3\2324_ai_steeringbehaviours\sdl_steering_behaviors\bin\sdl_steering_behaviors.exe
d:\gitrepos\ia_cdi3\2324_ai_steeringbehaviours\sdl_steering_behaviors\sdl_steering_behaviors\sdl_steering_behaviors\debug\sdl_steering_behaviors.ilk
d:\gitrepos\ia_cdi3\2324_ai_steeringbehaviours\sdl_steering_behaviors\bin\sdl_steering_behaviors.pdb
d:\gitrepos\ia_cdi3\2324_ai_steeringbehaviours\sdl_steering_behaviors\\bin\sdl_steering_behaviors.pdb
d:\gitrepos\ia_cdi3\2324_ai_steeringbehaviours\sdl_steering_behaviors\sdl_steering_behaviors\sdl_steering_behaviors\debug\sdl_stee.48d8afb0.tlog\cl.command.1.tlog
d:\gitrepos\ia_cdi3\2324_ai_steeringbehaviours\sdl_steering_behaviors\sdl_steering_behaviors\sdl_steering_behaviors\debug\sdl_stee.48d8afb0.tlog\cl.items.tlog
d:\gitrepos\ia_cdi3\2324_ai_steeringbehaviours\sdl_steering_behaviors\sdl_steering_behaviors\sdl_steering_behaviors\debug\sdl_stee.48d8afb0.tlog\cl.read.1.tlog
d:\gitrepos\ia_cdi3\2324_ai_steeringbehaviours\sdl_steering_behaviors\sdl_steering_behaviors\sdl_steering_behaviors\debug\sdl_stee.48d8afb0.tlog\cl.write.1.tlog
d:\gitrepos\ia_cdi3\2324_ai_steeringbehaviours\sdl_steering_behaviors\sdl_steering_behaviors\sdl_steering_behaviors\debug\sdl_stee.48d8afb0.tlog\link.command.1.tlog
d:\gitrepos\ia_cdi3\2324_ai_steeringbehaviours\sdl_steering_behaviors\sdl_steering_behaviors\sdl_steering_behaviors\debug\sdl_stee.48d8afb0.tlog\link.read.1.tlog
d:\gitrepos\ia_cdi3\2324_ai_steeringbehaviours\sdl_steering_behaviors\sdl_steering_behaviors\sdl_steering_behaviors\debug\sdl_stee.48d8afb0.tlog\link.write.1.tlog
