  Agent.cpp
  AllignmentBehavior.cpp
C:\Users\Arnau\Desktop\IA\2324_AI_SteeringBehaviours\SDL_Steering_Behaviors\SDL_Steering_Behaviors\AllignmentBehavior.cpp(28,28): warning C4244: 'argumento': conversión de 'int' a 'float'; posible pérdida de datos
  CohesionBehavior.cpp
C:\Users\Arnau\Desktop\IA\2324_AI_SteeringBehaviours\SDL_Steering_Behaviors\SDL_Steering_Behaviors\CohesionBehavior.cpp(29,25): warning C4244: 'argumento': conversión de 'int' a 'float'; posible pérdida de datos
  CollisionAvoidanceBehavior.cpp
  FleeBehavior.cpp
  FlockingBehavior.cpp
  PriorityBlendingBehavior.cpp
  SceneFlee.cpp
  SceneFlocking.cpp
  SceneFlockingCollisionAvoidance.cpp
  SceneSeek.cpp
  SeekBehavior.cpp
  SeparationBehavior.cpp
  SteeringBehavior.cpp
  WeightedBlendingBehavior.cpp
  main.cpp
C:\Users\Arnau\Desktop\IA\2324_AI_SteeringBehaviours\SDL_Steering_Behaviors\SDL_Steering_Behaviors\main.cpp(17,12): warning C4244: 'argumento': conversión de 'time_t' a 'unsigned int'; posible pérdida de datos
  Generando código...
  SDL_Steering_Behaviors.vcxproj -> C:\Users\Arnau\Desktop\IA\2324_AI_SteeringBehaviours\SDL_Steering_Behaviors\bin\SDL_Steering_Behaviors.exe
